<?xml version="1.0" encoding="UTF-8"?>
<!-- Generated by org.testng.reporters.JUnitReportReporter -->
<testsuite skipped="0" hostname="PPRIKQ-PC" name="tests.TestRegistrationPage" tests="3" failures="0" timestamp="2020-04-03T14:35:19 CEST" time="890.135" errors="0">
  <testcase name="isRegister" time="398.935" classname="tests.TestRegistrationPage"/>
  <testcase name="isRegister" time="132.204" classname="tests.TestRegistrationPage"/>
  <testcase name="isRegister" time="358.996" classname="tests.TestRegistrationPage"/>
</testsuite> <!-- tests.TestRegistrationPage -->
