<?xml version="1.0" encoding="UTF-8"?>
<!-- Generated by org.testng.reporters.JUnitReportReporter -->
<testsuite skipped="0" hostname="PPRIKQ-PC" name="tests.TestHomePage" tests="3" failures="0" timestamp="2020-04-03T14:35:19 CEST" time="4.281" errors="0">
  <testcase name="enterTheStore" time="1.452" classname="tests.TestHomePage"/>
  <testcase name="enterTheStore" time="1.394" classname="tests.TestHomePage"/>
  <testcase name="enterTheStore" time="1.435" classname="tests.TestHomePage"/>
</testsuite> <!-- tests.TestHomePage -->
