<?xml version="1.0" encoding="UTF-8"?>
<!-- Generated by org.testng.reporters.JUnitReportReporter -->
<testsuite skipped="0" hostname="PPRIKQ-PC" name="tests.TestCartPage" tests="3" failures="0" timestamp="2020-04-11T15:54:11 CEST" time="16.607" errors="0">
  <testcase name="isItemsAddedToCart" time="8.786" classname="tests.TestCartPage"/>
  <testcase name="isCookiesWorks" time="4.148" classname="tests.TestCartPage"/>
  <testcase name="isCartSumValid" time="3.673" classname="tests.TestCartPage"/>
</testsuite> <!-- tests.TestCartPage -->
