<?xml version="1.0" encoding="UTF-8"?>
<!-- Generated by org.testng.reporters.JUnitReportReporter -->
<testsuite skipped="0" hostname="PPRIKQ-PC" name="test.TestHomePage" tests="1" failures="0" timestamp="2020-03-30T22:59:06 CEST" time="1.369" errors="0">
  <testcase name="enterTheStore" time="1.369" classname="test.TestHomePage"/>
</testsuite> <!-- test.TestHomePage -->
