<?xml version="1.0" encoding="UTF-8"?>
<!-- Generated by org.testng.reporters.JUnitReportReporter -->
<testsuite skipped="0" hostname="PPRIKQ-PC" name="test.TestRegistrationPage" tests="1" failures="0" timestamp="2020-03-28T03:36:51 CET" time="343.581" errors="0">
  <testcase name="isRegister" time="343.581" classname="test.TestRegistrationPage"/>
</testsuite> <!-- test.TestRegistrationPage -->
