<?xml version="1.0" encoding="UTF-8"?>
<!-- Generated by org.testng.reporters.JUnitReportReporter -->
<testsuite skipped="0" hostname="PPRIKQ-PC" name="test.TestCartPage" tests="2" failures="0" timestamp="2020-03-29T04:06:07 CEST" time="20.373" errors="0">
  <testcase name="isItemsAddedToCart" time="9.313" classname="test.TestCartPage"/>
  <testcase name="isCookiesWorks" time="11.060" classname="test.TestCartPage"/>
</testsuite> <!-- test.TestCartPage -->
