<?xml version="1.0" encoding="UTF-8"?>
<!-- Generated by org.testng.reporters.JUnitReportReporter -->
<testsuite skipped="0" hostname="PPRIKQ-PC" name="tests.TestCartPage" tests="9" failures="0" timestamp="2020-04-03T11:06:01 CEST" time="29.531" errors="0">
  <testcase name="isItemsAddedToCart" time="8.783" classname="tests.TestCartPage"/>
  <testcase name="isItemsAddedToCart" time="10.765" classname="tests.TestCartPage"/>
  <testcase name="isItemsAddedToCart" time="6.960" classname="tests.TestCartPage"/>
  <testcase name="isCartSumValid" time="0.234" classname="tests.TestCartPage"/>
  <testcase name="isCartSumValid" time="0.469" classname="tests.TestCartPage"/>
  <testcase name="isCartSumValid" time="0.467" classname="tests.TestCartPage"/>
  <testcase name="isCookiesWorks" time="0.792" classname="tests.TestCartPage"/>
  <testcase name="isCookiesWorks" time="0.421" classname="tests.TestCartPage"/>
  <testcase name="isCookiesWorks" time="0.640" classname="tests.TestCartPage"/>
</testsuite> <!-- tests.TestCartPage -->
