<?xml version="1.0" encoding="UTF-8"?>
<!-- Generated by org.testng.reporters.JUnitReportReporter -->
<testsuite skipped="0" hostname="PPRIKQ-PC" name="tests.TestCartPage" tests="9" failures="0" timestamp="2020-04-03T14:35:19 CEST" time="34.505" errors="0">
  <testcase name="isItemsAddedToCart" time="7.535" classname="tests.TestCartPage"/>
  <testcase name="isItemsAddedToCart" time="15.498" classname="tests.TestCartPage"/>
  <testcase name="isItemsAddedToCart" time="7.218" classname="tests.TestCartPage"/>
  <testcase name="isCartSumValid" time="0.764" classname="tests.TestCartPage"/>
  <testcase name="isCartSumValid" time="0.703" classname="tests.TestCartPage"/>
  <testcase name="isCartSumValid" time="0.218" classname="tests.TestCartPage"/>
  <testcase name="isCookiesWorks" time="0.590" classname="tests.TestCartPage"/>
  <testcase name="isCookiesWorks" time="1.074" classname="tests.TestCartPage"/>
  <testcase name="isCookiesWorks" time="0.905" classname="tests.TestCartPage"/>
</testsuite> <!-- tests.TestCartPage -->
