<?xml version="1.0" encoding="UTF-8"?>
<!-- Generated by org.testng.reporters.JUnitReportReporter -->
<testsuite skipped="0" hostname="PPRIKQ-PC" name="test.TestCartPage" tests="3" failures="0" timestamp="2020-03-31T12:40:56 CEST" time="12.487" errors="0">
  <testcase name="isItemsAddedToCart" time="11.564" classname="test.TestCartPage"/>
  <testcase name="isCartSumValid" time="0.485" classname="test.TestCartPage"/>
  <testcase name="isCookiesWorks" time="0.438" classname="test.TestCartPage"/>
</testsuite> <!-- test.TestCartPage -->
