<?xml version="1.0" encoding="UTF-8"?>
<!-- Generated by org.testng.reporters.JUnitReportReporter -->
<testsuite skipped="0" hostname="PPRIKQ-PC" name="tests.TestSignInPage" tests="3" failures="0" timestamp="2020-04-03T14:35:19 CEST" time="262.612" errors="0">
  <testcase name="isSignedIn" time="48.065" classname="tests.TestSignInPage"/>
  <testcase name="isSignedIn" time="129.367" classname="tests.TestSignInPage"/>
  <testcase name="isSignedIn" time="85.180" classname="tests.TestSignInPage"/>
</testsuite> <!-- tests.TestSignInPage -->
