<?xml version="1.0" encoding="UTF-8"?>
<!-- Generated by org.testng.reporters.JUnitReportReporter -->
<testsuite skipped="0" hostname="PPRIKQ-PC" name="test.TestSignInPage" tests="1" failures="0" timestamp="2020-03-31T11:35:54 CEST" time="82.142" errors="0">
  <testcase name="isSignedIn" time="82.142" classname="test.TestSignInPage"/>
</testsuite> <!-- test.TestSignInPage -->
