<?xml version="1.0" encoding="UTF-8"?>
<!-- Generated by org.testng.reporters.JUnitReportReporter -->
<testsuite skipped="0" hostname="PPRIKQ-PC" name="test.TestPetStoreMenuPage" tests="3" failures="0" timestamp="2020-03-27T01:34:28 CET" time="74.304" errors="0">
  <testcase name="isLoadedPageCorrect" time="12.184" classname="test.TestPetStoreMenuPage"/>
  <testcase name="isUrlAdressWorking" time="61.654" classname="test.TestPetStoreMenuPage"/>
  <testcase name="isSignInButtonWorks" time="0.466" classname="test.TestPetStoreMenuPage"/>
</testsuite> <!-- test.TestPetStoreMenuPage -->
