<?xml version="1.0" encoding="UTF-8"?>
<!-- Generated by org.testng.reporters.JUnitReportReporter -->
<testsuite skipped="0" hostname="PPRIKQ-PC" name="test.TestPetStoreMenuPage" tests="3" failures="0" timestamp="2020-03-31T11:29:26 CEST" time="68.234" errors="0">
  <testcase name="isLoadedPageCorrect" time="6.183" classname="test.TestPetStoreMenuPage"/>
  <testcase name="isUrlAdressWorking" time="61.694" classname="test.TestPetStoreMenuPage"/>
  <testcase name="isSignInButtonWorks" time="0.357" classname="test.TestPetStoreMenuPage"/>
</testsuite> <!-- test.TestPetStoreMenuPage -->
