<?xml version="1.0" encoding="UTF-8"?>
<!-- Generated by org.testng.reporters.JUnitReportReporter -->
<testsuite skipped="0" hostname="PPRIKQ-PC" name="test.TestSignInPage" tests="1" failures="0" timestamp="2020-03-28T03:40:33 CET" time="98.999" errors="0">
  <testcase name="isSignedIn" time="98.999" classname="test.TestSignInPage"/>
</testsuite> <!-- test.TestSignInPage -->
