<?xml version="1.0" encoding="UTF-8"?>
<!-- Generated by org.testng.reporters.JUnitReportReporter -->
<testsuite skipped="0" hostname="PPRIKQ-PC" name="tests.TestHomePage" tests="3" failures="0" timestamp="2020-04-03T11:06:01 CEST" time="4.208" errors="0">
  <testcase name="enterTheStore" time="1.499" classname="tests.TestHomePage"/>
  <testcase name="enterTheStore" time="1.455" classname="tests.TestHomePage"/>
  <testcase name="enterTheStore" time="1.254" classname="tests.TestHomePage"/>
</testsuite> <!-- tests.TestHomePage -->
